<?xml version="1.0" encoding="UTF-8"?>
<testsuite xmlns:xsi="http://www.w3.org/2001/XMLSchema-instance" xsi:noNamespaceSchemaLocation="https://maven.apache.org/surefire/maven-surefire-plugin/xsd/surefire-test-report.xsd" name="ssvv.example.AppTest" time="0.128" tests="1" errors="0" skipped="0" failures="0">
  <properties>
    <property name="java.specification.version" value="14"/>
    <property name="sun.jnu.encoding" value="UTF-8"/>
    <property name="java.class.path" value="/Users/davidnuna/Documents/Faculta/Sem 6/SSVV/Labs/Lab 1/MaxPointsParticipants/target/test-classes:/Users/davidnuna/Documents/Faculta/Sem 6/SSVV/Labs/Lab 1/MaxPointsParticipants/target/classes:/Users/davidnuna/.m2/repository/junit/junit/4.11/junit-4.11.jar:/Users/davidnuna/.m2/repository/org/hamcrest/hamcrest-core/1.3/hamcrest-core-1.3.jar:"/>
    <property name="java.vm.vendor" value="AdoptOpenJDK"/>
    <property name="sun.arch.data.model" value="64"/>
    <property name="java.vendor.url" value="https://adoptopenjdk.net/"/>
    <property name="os.name" value="Mac OS X"/>
    <property name="java.vm.specification.version" value="14"/>
    <property name="sun.java.launcher" value="SUN_STANDARD"/>
    <property name="user.country" value="GB"/>
    <property name="sun.boot.library.path" value="/Users/davidnuna/Library/Java/JavaVirtualMachines/adopt-openjdk-14.0.2/Contents/Home/lib"/>
    <property name="sun.java.command" value="/Users/davidnuna/Documents/Faculta/Sem 6/SSVV/Labs/Lab 1/MaxPointsParticipants/target/surefire/surefirebooter16279498512303149512.jar /Users/davidnuna/Documents/Faculta/Sem 6/SSVV/Labs/Lab 1/MaxPointsParticipants/target/surefire 2022-03-06T16-30-12_336-jvmRun1 surefire11332813499637519662tmp surefire_08493208052109541117tmp"/>
    <property name="http.nonProxyHosts" value="local|*.local|169.254/16|*.169.254/16"/>
    <property name="jdk.debug" value="release"/>
    <property name="surefire.test.class.path" value="/Users/davidnuna/Documents/Faculta/Sem 6/SSVV/Labs/Lab 1/MaxPointsParticipants/target/test-classes:/Users/davidnuna/Documents/Faculta/Sem 6/SSVV/Labs/Lab 1/MaxPointsParticipants/target/classes:/Users/davidnuna/.m2/repository/junit/junit/4.11/junit-4.11.jar:/Users/davidnuna/.m2/repository/org/hamcrest/hamcrest-core/1.3/hamcrest-core-1.3.jar:"/>
    <property name="sun.cpu.endian" value="little"/>
    <property name="user.home" value="/Users/davidnuna"/>
    <property name="user.language" value="en"/>
    <property name="java.specification.vendor" value="Oracle Corporation"/>
    <property name="java.version.date" value="2020-07-14"/>
    <property name="java.home" value="/Users/davidnuna/Library/Java/JavaVirtualMachines/adopt-openjdk-14.0.2/Contents/Home"/>
    <property name="file.separator" value="/"/>
    <property name="basedir" value="/Users/davidnuna/Documents/Faculta/Sem 6/SSVV/Labs/Lab 1/MaxPointsParticipants"/>
    <property name="java.vm.compressedOopsMode" value="Zero based"/>
    <property name="line.separator" value="&#10;"/>
    <property name="java.specification.name" value="Java Platform API Specification"/>
    <property name="java.vm.specification.vendor" value="Oracle Corporation"/>
    <property name="surefire.real.class.path" value="/Users/davidnuna/Documents/Faculta/Sem 6/SSVV/Labs/Lab 1/MaxPointsParticipants/target/surefire/surefirebooter16279498512303149512.jar"/>
    <property name="sun.management.compiler" value="HotSpot 64-Bit Tiered Compilers"/>
    <property name="ftp.nonProxyHosts" value="local|*.local|169.254/16|*.169.254/16"/>
    <property name="java.runtime.version" value="14.0.2+12"/>
    <property name="user.name" value="davidnuna"/>
    <property name="path.separator" value=":"/>
    <property name="os.version" value="10.16"/>
    <property name="java.runtime.name" value="OpenJDK Runtime Environment"/>
    <property name="file.encoding" value="UTF-8"/>
    <property name="java.vm.name" value="OpenJDK 64-Bit Server VM"/>
    <property name="java.vendor.version" value="AdoptOpenJDK"/>
    <property name="localRepository" value="/Users/davidnuna/.m2/repository"/>
    <property name="java.vendor.url.bug" value="https://github.com/AdoptOpenJDK/openjdk-support/issues"/>
    <property name="java.io.tmpdir" value="/var/folders/2g/92bhhl7s75bb38ng5w3bm6p80000gn/T/"/>
    <property name="idea.version" value="2021.1"/>
    <property name="java.version" value="14.0.2"/>
    <property name="user.dir" value="/Users/davidnuna/Documents/Faculta/Sem 6/SSVV/Labs/Lab 1/MaxPointsParticipants"/>
    <property name="os.arch" value="x86_64"/>
    <property name="java.vm.specification.name" value="Java Virtual Machine Specification"/>
    <property name="java.library.path" value="/Users/davidnuna/Library/Java/Extensions:/Library/Java/Extensions:/Network/Library/Java/Extensions:/System/Library/Java/Extensions:/usr/lib/java:."/>
    <property name="java.vm.info" value="mixed mode, sharing"/>
    <property name="java.vendor" value="AdoptOpenJDK"/>
    <property name="java.vm.version" value="14.0.2+12"/>
    <property name="sun.io.unicode.encoding" value="UnicodeBig"/>
    <property name="socksNonProxyHosts" value="local|*.local|169.254/16|*.169.254/16"/>
    <property name="java.class.version" value="58.0"/>
  </properties>
  <testcase name="shouldAnswerWithTrue" classname="ssvv.example.AppTest" time="0.003"/>
</testsuite>